<?xml version="1.0" encoding="UTF-8"?>
<!-- Generated by org.testng.reporters.JUnitReportReporter -->
<testsuite hostname="Parul" failures="0" tests="1" name="common.utils.BaseClass" time="0.010" errors="0" timestamp="2023-02-19T20:13:42 IST" skipped="0">
  <testcase classname="common.utils.BaseClass" name="googleSearch" time="0.010"/>
  <system-out/>
</testsuite> <!-- common.utils.BaseClass -->
